running egg_info
creating ../../build/depthai_ros2_wrapper/depthai_ros2_wrapper.egg-info
writing ../../build/depthai_ros2_wrapper/depthai_ros2_wrapper.egg-info/PKG-INFO
writing dependency_links to ../../build/depthai_ros2_wrapper/depthai_ros2_wrapper.egg-info/dependency_links.txt
writing entry points to ../../build/depthai_ros2_wrapper/depthai_ros2_wrapper.egg-info/entry_points.txt
writing requirements to ../../build/depthai_ros2_wrapper/depthai_ros2_wrapper.egg-info/requires.txt
writing top-level names to ../../build/depthai_ros2_wrapper/depthai_ros2_wrapper.egg-info/top_level.txt
writing manifest file '../../build/depthai_ros2_wrapper/depthai_ros2_wrapper.egg-info/SOURCES.txt'
reading manifest file '../../build/depthai_ros2_wrapper/depthai_ros2_wrapper.egg-info/SOURCES.txt'
writing manifest file '../../build/depthai_ros2_wrapper/depthai_ros2_wrapper.egg-info/SOURCES.txt'
running build
running build_py
creating /home/karin-22/ros2_ws_oakd/build/depthai_ros2_wrapper/build
creating /home/karin-22/ros2_ws_oakd/build/depthai_ros2_wrapper/build/lib
creating /home/karin-22/ros2_ws_oakd/build/depthai_ros2_wrapper/build/lib/depthai_ros2_wrapper
copying depthai_ros2_wrapper/rgb_preview.py -> /home/karin-22/ros2_ws_oakd/build/depthai_ros2_wrapper/build/lib/depthai_ros2_wrapper
copying depthai_ros2_wrapper/stereo_preview.py -> /home/karin-22/ros2_ws_oakd/build/depthai_ros2_wrapper/build/lib/depthai_ros2_wrapper
copying depthai_ros2_wrapper/__init__.py -> /home/karin-22/ros2_ws_oakd/build/depthai_ros2_wrapper/build/lib/depthai_ros2_wrapper
running install
running install_lib
creating /home/karin-22/ros2_ws_oakd/install/depthai_ros2_wrapper/lib/python3.10/site-packages/depthai_ros2_wrapper
copying /home/karin-22/ros2_ws_oakd/build/depthai_ros2_wrapper/build/lib/depthai_ros2_wrapper/rgb_preview.py -> /home/karin-22/ros2_ws_oakd/install/depthai_ros2_wrapper/lib/python3.10/site-packages/depthai_ros2_wrapper
copying /home/karin-22/ros2_ws_oakd/build/depthai_ros2_wrapper/build/lib/depthai_ros2_wrapper/stereo_preview.py -> /home/karin-22/ros2_ws_oakd/install/depthai_ros2_wrapper/lib/python3.10/site-packages/depthai_ros2_wrapper
copying /home/karin-22/ros2_ws_oakd/build/depthai_ros2_wrapper/build/lib/depthai_ros2_wrapper/__init__.py -> /home/karin-22/ros2_ws_oakd/install/depthai_ros2_wrapper/lib/python3.10/site-packages/depthai_ros2_wrapper
byte-compiling /home/karin-22/ros2_ws_oakd/install/depthai_ros2_wrapper/lib/python3.10/site-packages/depthai_ros2_wrapper/rgb_preview.py to rgb_preview.cpython-310.pyc
byte-compiling /home/karin-22/ros2_ws_oakd/install/depthai_ros2_wrapper/lib/python3.10/site-packages/depthai_ros2_wrapper/stereo_preview.py to stereo_preview.cpython-310.pyc
byte-compiling /home/karin-22/ros2_ws_oakd/install/depthai_ros2_wrapper/lib/python3.10/site-packages/depthai_ros2_wrapper/__init__.py to __init__.cpython-310.pyc
running install_data
creating /home/karin-22/ros2_ws_oakd/install/depthai_ros2_wrapper/share/ament_index
creating /home/karin-22/ros2_ws_oakd/install/depthai_ros2_wrapper/share/ament_index/resource_index
creating /home/karin-22/ros2_ws_oakd/install/depthai_ros2_wrapper/share/ament_index/resource_index/packages
copying resource/depthai_ros2_wrapper -> /home/karin-22/ros2_ws_oakd/install/depthai_ros2_wrapper/share/ament_index/resource_index/packages
copying package.xml -> /home/karin-22/ros2_ws_oakd/install/depthai_ros2_wrapper/share/depthai_ros2_wrapper
running install_egg_info
Copying ../../build/depthai_ros2_wrapper/depthai_ros2_wrapper.egg-info to /home/karin-22/ros2_ws_oakd/install/depthai_ros2_wrapper/lib/python3.10/site-packages/depthai_ros2_wrapper-0.0.0-py3.10.egg-info
running install_scripts
Installing rgb_preview script to /home/karin-22/ros2_ws_oakd/install/depthai_ros2_wrapper/lib/depthai_ros2_wrapper
Installing stereo_preview script to /home/karin-22/ros2_ws_oakd/install/depthai_ros2_wrapper/lib/depthai_ros2_wrapper
writing list of installed files to '/home/karin-22/ros2_ws_oakd/build/depthai_ros2_wrapper/install.log'
