[0.277s] Invoking command in '/home/karin-22/ros2_ws_oakd/src/depthai_ros2_wrapper': PYTHONPATH=/home/karin-22/ros2_ws_oakd/build/depthai_ros2_wrapper/prefix_override:/usr/lib/python3/dist-packages/colcon_core/task/python/colcon_distutils_commands:/home/karin-22/ros2_ws_oakd/install/depthai_ros2_wrapper/lib/python3.10/site-packages:${PYTHONPATH} /usr/bin/python3 -W ignore:setup.py install is deprecated setup.py egg_info --egg-base ../../build/depthai_ros2_wrapper build --build-base /home/karin-22/ros2_ws_oakd/build/depthai_ros2_wrapper/build install --record /home/karin-22/ros2_ws_oakd/build/depthai_ros2_wrapper/install.log --single-version-externally-managed install_data
[0.381s] running egg_info
[0.382s] creating ../../build/depthai_ros2_wrapper/depthai_ros2_wrapper.egg-info
[0.382s] writing ../../build/depthai_ros2_wrapper/depthai_ros2_wrapper.egg-info/PKG-INFO
[0.382s] writing dependency_links to ../../build/depthai_ros2_wrapper/depthai_ros2_wrapper.egg-info/dependency_links.txt
[0.382s] writing entry points to ../../build/depthai_ros2_wrapper/depthai_ros2_wrapper.egg-info/entry_points.txt
[0.382s] writing requirements to ../../build/depthai_ros2_wrapper/depthai_ros2_wrapper.egg-info/requires.txt
[0.382s] writing top-level names to ../../build/depthai_ros2_wrapper/depthai_ros2_wrapper.egg-info/top_level.txt
[0.382s] writing manifest file '../../build/depthai_ros2_wrapper/depthai_ros2_wrapper.egg-info/SOURCES.txt'
[0.383s] reading manifest file '../../build/depthai_ros2_wrapper/depthai_ros2_wrapper.egg-info/SOURCES.txt'
[0.383s] writing manifest file '../../build/depthai_ros2_wrapper/depthai_ros2_wrapper.egg-info/SOURCES.txt'
[0.383s] running build
[0.383s] running build_py
[0.383s] creating /home/karin-22/ros2_ws_oakd/build/depthai_ros2_wrapper/build
[0.383s] creating /home/karin-22/ros2_ws_oakd/build/depthai_ros2_wrapper/build/lib
[0.383s] creating /home/karin-22/ros2_ws_oakd/build/depthai_ros2_wrapper/build/lib/depthai_ros2_wrapper
[0.384s] copying depthai_ros2_wrapper/rgb_preview.py -> /home/karin-22/ros2_ws_oakd/build/depthai_ros2_wrapper/build/lib/depthai_ros2_wrapper
[0.384s] copying depthai_ros2_wrapper/stereo_preview.py -> /home/karin-22/ros2_ws_oakd/build/depthai_ros2_wrapper/build/lib/depthai_ros2_wrapper
[0.384s] copying depthai_ros2_wrapper/__init__.py -> /home/karin-22/ros2_ws_oakd/build/depthai_ros2_wrapper/build/lib/depthai_ros2_wrapper
[0.384s] running install
[0.384s] running install_lib
[0.384s] creating /home/karin-22/ros2_ws_oakd/install/depthai_ros2_wrapper/lib/python3.10/site-packages/depthai_ros2_wrapper
[0.384s] copying /home/karin-22/ros2_ws_oakd/build/depthai_ros2_wrapper/build/lib/depthai_ros2_wrapper/rgb_preview.py -> /home/karin-22/ros2_ws_oakd/install/depthai_ros2_wrapper/lib/python3.10/site-packages/depthai_ros2_wrapper
[0.384s] copying /home/karin-22/ros2_ws_oakd/build/depthai_ros2_wrapper/build/lib/depthai_ros2_wrapper/stereo_preview.py -> /home/karin-22/ros2_ws_oakd/install/depthai_ros2_wrapper/lib/python3.10/site-packages/depthai_ros2_wrapper
[0.384s] copying /home/karin-22/ros2_ws_oakd/build/depthai_ros2_wrapper/build/lib/depthai_ros2_wrapper/__init__.py -> /home/karin-22/ros2_ws_oakd/install/depthai_ros2_wrapper/lib/python3.10/site-packages/depthai_ros2_wrapper
[0.384s] byte-compiling /home/karin-22/ros2_ws_oakd/install/depthai_ros2_wrapper/lib/python3.10/site-packages/depthai_ros2_wrapper/rgb_preview.py to rgb_preview.cpython-310.pyc
[0.385s] byte-compiling /home/karin-22/ros2_ws_oakd/install/depthai_ros2_wrapper/lib/python3.10/site-packages/depthai_ros2_wrapper/stereo_preview.py to stereo_preview.cpython-310.pyc
[0.385s] byte-compiling /home/karin-22/ros2_ws_oakd/install/depthai_ros2_wrapper/lib/python3.10/site-packages/depthai_ros2_wrapper/__init__.py to __init__.cpython-310.pyc
[0.385s] running install_data
[0.385s] creating /home/karin-22/ros2_ws_oakd/install/depthai_ros2_wrapper/share/ament_index
[0.385s] creating /home/karin-22/ros2_ws_oakd/install/depthai_ros2_wrapper/share/ament_index/resource_index
[0.385s] creating /home/karin-22/ros2_ws_oakd/install/depthai_ros2_wrapper/share/ament_index/resource_index/packages
[0.385s] copying resource/depthai_ros2_wrapper -> /home/karin-22/ros2_ws_oakd/install/depthai_ros2_wrapper/share/ament_index/resource_index/packages
[0.385s] copying package.xml -> /home/karin-22/ros2_ws_oakd/install/depthai_ros2_wrapper/share/depthai_ros2_wrapper
[0.385s] running install_egg_info
[0.386s] Copying ../../build/depthai_ros2_wrapper/depthai_ros2_wrapper.egg-info to /home/karin-22/ros2_ws_oakd/install/depthai_ros2_wrapper/lib/python3.10/site-packages/depthai_ros2_wrapper-0.0.0-py3.10.egg-info
[0.386s] running install_scripts
[0.397s] Installing rgb_preview script to /home/karin-22/ros2_ws_oakd/install/depthai_ros2_wrapper/lib/depthai_ros2_wrapper
[0.397s] Installing stereo_preview script to /home/karin-22/ros2_ws_oakd/install/depthai_ros2_wrapper/lib/depthai_ros2_wrapper
[0.397s] writing list of installed files to '/home/karin-22/ros2_ws_oakd/build/depthai_ros2_wrapper/install.log'
[0.407s] Invoked command in '/home/karin-22/ros2_ws_oakd/src/depthai_ros2_wrapper' returned '0': PYTHONPATH=/home/karin-22/ros2_ws_oakd/build/depthai_ros2_wrapper/prefix_override:/usr/lib/python3/dist-packages/colcon_core/task/python/colcon_distutils_commands:/home/karin-22/ros2_ws_oakd/install/depthai_ros2_wrapper/lib/python3.10/site-packages:${PYTHONPATH} /usr/bin/python3 -W ignore:setup.py install is deprecated setup.py egg_info --egg-base ../../build/depthai_ros2_wrapper build --build-base /home/karin-22/ros2_ws_oakd/build/depthai_ros2_wrapper/build install --record /home/karin-22/ros2_ws_oakd/build/depthai_ros2_wrapper/install.log --single-version-externally-managed install_data
