/home/karin-22/ros2_ws_oakd/install/depthai_ros2_wrapper/lib/python3.10/site-packages/depthai_ros2_wrapper/rgb_preview.py
/home/karin-22/ros2_ws_oakd/install/depthai_ros2_wrapper/lib/python3.10/site-packages/depthai_ros2_wrapper/stereo_preview.py
/home/karin-22/ros2_ws_oakd/install/depthai_ros2_wrapper/lib/python3.10/site-packages/depthai_ros2_wrapper/__init__.py
/home/karin-22/ros2_ws_oakd/install/depthai_ros2_wrapper/lib/python3.10/site-packages/depthai_ros2_wrapper/fer_preview.py
/home/karin-22/ros2_ws_oakd/install/depthai_ros2_wrapper/lib/python3.10/site-packages/depthai_ros2_wrapper/__pycache__/rgb_preview.cpython-310.pyc
/home/karin-22/ros2_ws_oakd/install/depthai_ros2_wrapper/lib/python3.10/site-packages/depthai_ros2_wrapper/__pycache__/stereo_preview.cpython-310.pyc
/home/karin-22/ros2_ws_oakd/install/depthai_ros2_wrapper/lib/python3.10/site-packages/depthai_ros2_wrapper/__pycache__/__init__.cpython-310.pyc
/home/karin-22/ros2_ws_oakd/install/depthai_ros2_wrapper/lib/python3.10/site-packages/depthai_ros2_wrapper/__pycache__/fer_preview.cpython-310.pyc
/home/karin-22/ros2_ws_oakd/install/depthai_ros2_wrapper/share/ament_index/resource_index/packages/depthai_ros2_wrapper
/home/karin-22/ros2_ws_oakd/install/depthai_ros2_wrapper/share/depthai_ros2_wrapper/package.xml
/home/karin-22/ros2_ws_oakd/install/depthai_ros2_wrapper/lib/python3.10/site-packages/depthai_ros2_wrapper-0.0.0-py3.10.egg-info/PKG-INFO
/home/karin-22/ros2_ws_oakd/install/depthai_ros2_wrapper/lib/python3.10/site-packages/depthai_ros2_wrapper-0.0.0-py3.10.egg-info/SOURCES.txt
/home/karin-22/ros2_ws_oakd/install/depthai_ros2_wrapper/lib/python3.10/site-packages/depthai_ros2_wrapper-0.0.0-py3.10.egg-info/requires.txt
/home/karin-22/ros2_ws_oakd/install/depthai_ros2_wrapper/lib/python3.10/site-packages/depthai_ros2_wrapper-0.0.0-py3.10.egg-info/dependency_links.txt
/home/karin-22/ros2_ws_oakd/install/depthai_ros2_wrapper/lib/python3.10/site-packages/depthai_ros2_wrapper-0.0.0-py3.10.egg-info/zip-safe
/home/karin-22/ros2_ws_oakd/install/depthai_ros2_wrapper/lib/python3.10/site-packages/depthai_ros2_wrapper-0.0.0-py3.10.egg-info/top_level.txt
/home/karin-22/ros2_ws_oakd/install/depthai_ros2_wrapper/lib/python3.10/site-packages/depthai_ros2_wrapper-0.0.0-py3.10.egg-info/entry_points.txt
/home/karin-22/ros2_ws_oakd/install/depthai_ros2_wrapper/lib/depthai_ros2_wrapper/fer_preview
/home/karin-22/ros2_ws_oakd/install/depthai_ros2_wrapper/lib/depthai_ros2_wrapper/rgb_preview
/home/karin-22/ros2_ws_oakd/install/depthai_ros2_wrapper/lib/depthai_ros2_wrapper/stereo_preview
