[0.286s] Invoking command in '/home/karin-22/ros2_ws_oakd/src/depthai_ros2_wrapper': PYTHONPATH=/home/karin-22/ros2_ws_oakd/build/depthai_ros2_wrapper/prefix_override:/usr/lib/python3/dist-packages/colcon_core/task/python/colcon_distutils_commands:/home/karin-22/ros2_ws_oakd/install/depthai_ros2_wrapper/lib/python3.10/site-packages:${PYTHONPATH} /usr/bin/python3 -W ignore:setup.py install is deprecated setup.py egg_info --egg-base ../../build/depthai_ros2_wrapper build --build-base /home/karin-22/ros2_ws_oakd/build/depthai_ros2_wrapper/build install --record /home/karin-22/ros2_ws_oakd/build/depthai_ros2_wrapper/install.log --single-version-externally-managed install_data
[0.396s] running egg_info
[0.397s] writing ../../build/depthai_ros2_wrapper/depthai_ros2_wrapper.egg-info/PKG-INFO
[0.397s] writing dependency_links to ../../build/depthai_ros2_wrapper/depthai_ros2_wrapper.egg-info/dependency_links.txt
[0.397s] writing entry points to ../../build/depthai_ros2_wrapper/depthai_ros2_wrapper.egg-info/entry_points.txt
[0.397s] writing requirements to ../../build/depthai_ros2_wrapper/depthai_ros2_wrapper.egg-info/requires.txt
[0.397s] writing top-level names to ../../build/depthai_ros2_wrapper/depthai_ros2_wrapper.egg-info/top_level.txt
[0.398s] reading manifest file '../../build/depthai_ros2_wrapper/depthai_ros2_wrapper.egg-info/SOURCES.txt'
[0.398s] writing manifest file '../../build/depthai_ros2_wrapper/depthai_ros2_wrapper.egg-info/SOURCES.txt'
[0.398s] running build
[0.398s] running build_py
[0.398s] copying depthai_ros2_wrapper/fer_preview.py -> /home/karin-22/ros2_ws_oakd/build/depthai_ros2_wrapper/build/lib/depthai_ros2_wrapper
[0.398s] running install
[0.399s] running install_lib
[0.399s] copying /home/karin-22/ros2_ws_oakd/build/depthai_ros2_wrapper/build/lib/depthai_ros2_wrapper/fer_preview.py -> /home/karin-22/ros2_ws_oakd/install/depthai_ros2_wrapper/lib/python3.10/site-packages/depthai_ros2_wrapper
[0.400s] byte-compiling /home/karin-22/ros2_ws_oakd/install/depthai_ros2_wrapper/lib/python3.10/site-packages/depthai_ros2_wrapper/fer_preview.py to fer_preview.cpython-310.pyc
[0.400s] running install_data
[0.400s] running install_egg_info
[0.401s] removing '/home/karin-22/ros2_ws_oakd/install/depthai_ros2_wrapper/lib/python3.10/site-packages/depthai_ros2_wrapper-0.0.0-py3.10.egg-info' (and everything under it)
[0.402s] Copying ../../build/depthai_ros2_wrapper/depthai_ros2_wrapper.egg-info to /home/karin-22/ros2_ws_oakd/install/depthai_ros2_wrapper/lib/python3.10/site-packages/depthai_ros2_wrapper-0.0.0-py3.10.egg-info
[0.402s] running install_scripts
[0.413s] Installing fer_preview script to /home/karin-22/ros2_ws_oakd/install/depthai_ros2_wrapper/lib/depthai_ros2_wrapper
[0.413s] Installing rgb_preview script to /home/karin-22/ros2_ws_oakd/install/depthai_ros2_wrapper/lib/depthai_ros2_wrapper
[0.413s] Installing stereo_preview script to /home/karin-22/ros2_ws_oakd/install/depthai_ros2_wrapper/lib/depthai_ros2_wrapper
[0.413s] writing list of installed files to '/home/karin-22/ros2_ws_oakd/build/depthai_ros2_wrapper/install.log'
[0.424s] Invoked command in '/home/karin-22/ros2_ws_oakd/src/depthai_ros2_wrapper' returned '0': PYTHONPATH=/home/karin-22/ros2_ws_oakd/build/depthai_ros2_wrapper/prefix_override:/usr/lib/python3/dist-packages/colcon_core/task/python/colcon_distutils_commands:/home/karin-22/ros2_ws_oakd/install/depthai_ros2_wrapper/lib/python3.10/site-packages:${PYTHONPATH} /usr/bin/python3 -W ignore:setup.py install is deprecated setup.py egg_info --egg-base ../../build/depthai_ros2_wrapper build --build-base /home/karin-22/ros2_ws_oakd/build/depthai_ros2_wrapper/build install --record /home/karin-22/ros2_ws_oakd/build/depthai_ros2_wrapper/install.log --single-version-externally-managed install_data
